<?xml version="1.0" encoding="UTF-8"?>
<!-- Generated by org.testng.reporters.JUnitReportReporter -->
<testsuite hostname="KV222" name="com.github.tests.UItests.UITests" tests="1" failures="0" timestamp="4 May 2020 12:36:16 GMT" time="10.296" errors="0">
  <testcase name="loginTest" time="10.296" classname="com.github.tests.UItests.UITests"/>
</testsuite> <!-- com.github.tests.UItests.UITests -->
